<?xml version="1.0" encoding="UTF-8"?>
<!-- Generated by org.testng.reporters.JUnitReportReporter -->
<testsuite hostname="DESKTOP-G40R6I1" failures="0" tests="1" name="Cred.NewTest" time="9.348" errors="0" timestamp="2024-06-30T22:43:47 IST" skipped="0">
  <testcase classname="Cred.NewTest" name="f" time="9.348"/>
  <system-out/>
</testsuite> <!-- Cred.NewTest -->
